Unity Editor version:    2020.3.19f1 (68f137dc9bbe)
Branch:                  2020.3/staging
Build type:              Release
Batch mode:              YES
macOS version:           Version 10.15.7 (Build 19H1519)
Darwin version:          19.6.0
Architecture:            x86_64
Running under Rosetta:   NO
Available memory:        8192 MB
Using pre-set license
Pro License: NO

COMMAND LINE ARGUMENTS:
/Applications/Unity/Hub/Editor/2020.3.19f1/Unity.app/Contents/MacOS/Unity
-adb2
-batchMode
-noUpm
-name
AssetImportWorker0
-projectPath
/Users/jasmiinshi/Documents/GitHub/ALTR_Project3
-logFile
Logs/AssetImportWorker0.log
-srvPort
54883
Successfully changed project path to: /Users/jasmiinshi/Documents/GitHub/ALTR_Project3
/Users/jasmiinshi/Documents/GitHub/ALTR_Project3
Using Asset Import Pipeline V2.
Refreshing native plugins compatible for Editor in 134.00 ms, found 3 plugins.
Preloading 1 native plugins for Editor in 18.84 ms.
Initialize engine version: 2020.3.19f1 (68f137dc9bbe)
[Subsystems] Discovering subsystems at path /Applications/Unity/Hub/Editor/2020.3.19f1/Unity.app/Contents/Resources/UnitySubsystems
[Subsystems] Discovering subsystems at path /Users/jasmiinshi/Documents/GitHub/ALTR_Project3/Assets
GfxDevice: creating device client; threaded=0
2021-12-07 20:10:56.237 Unity[73361:3605004] Color LCD preferred device: Intel(R) Iris(TM) Plus Graphics 650 (low power)
2021-12-07 20:10:56.237 Unity[73361:3605004] Metal devices available: 1
2021-12-07 20:10:56.237 Unity[73361:3605004] 0: Intel(R) Iris(TM) Plus Graphics 650 (low power)
2021-12-07 20:10:56.238 Unity[73361:3605004] Using device Intel(R) Iris(TM) Plus Graphics 650 (low power)
Initializing Metal device caps: Intel(R) Iris(TM) Plus Graphics 650
Initialize mono
Mono path[0] = '/Applications/Unity/Hub/Editor/2020.3.19f1/Unity.app/Contents/Managed'
Mono path[1] = '/Applications/Unity/Hub/Editor/2020.3.19f1/Unity.app/Contents/MonoBleedingEdge/lib/mono/unityjit'
Mono config path = '/Applications/Unity/Hub/Editor/2020.3.19f1/Unity.app/Contents/MonoBleedingEdge/etc'
Using monoOptions --debugger-agent=transport=dt_socket,embedding=1,server=y,suspend=n,address=127.0.0.1:56361
Begin MonoManager ReloadAssembly
Registering precompiled unity dll's ...
Register platform support module: /Applications/Unity/Hub/Editor/2020.3.19f1/Unity.app/Contents/PlaybackEngines/MacStandaloneSupport/UnityEditor.OSXStandalone.Extensions.dll
Registered in 0.002160 seconds.
Native extension for OSXStandalone target not found
Refreshing native plugins compatible for Editor in 89.47 ms, found 3 plugins.
Preloading 1 native plugins for Editor in 0.52 ms.
Mono: successfully reloaded assembly
- Completed reload, in  4.811 seconds
Domain Reload Profiling:
	ReloadAssembly (4811ms)
		BeginReloadAssembly (50ms)
			ExecutionOrderSort (0ms)
			DisableScriptedObjects (0ms)
			BackupInstance (0ms)
			ReleaseScriptingObjects (0ms)
			CreateAndSetChildDomain (1ms)
		EndReloadAssembly (648ms)
			LoadAssemblies (50ms)
			RebuildTransferFunctionScriptingTraits (0ms)
			SetupTypeCache (246ms)
			ReleaseScriptCaches (0ms)
			RebuildScriptCaches (47ms)
			SetupLoadedEditorAssemblies (284ms)
				LogAssemblyErrors (0ms)
				InitializePlatformSupportModulesInManaged (5ms)
				SetLoadedEditorAssemblies (0ms)
				RefreshPlugins (90ms)
				BeforeProcessingInitializeOnLoad (35ms)
				ProcessInitializeOnLoadAttributes (116ms)
				ProcessInitializeOnLoadMethodAttributes (38ms)
				AfterProcessingInitializeOnLoad (0ms)
				EditorAssembliesLoaded (0ms)
			ExecutionOrderSort2 (0ms)
			AwakeInstancesAfterBackupRestoration (0ms)
Platform modules already initialized, skipping
Registering precompiled user dll's ...
Registered in 0.012975 seconds.
Begin MonoManager ReloadAssembly
Native extension for OSXStandalone target not found
Refreshing native plugins compatible for Editor in 229.84 ms, found 3 plugins.
Preloading 1 native plugins for Editor in 0.95 ms.
Mono: successfully reloaded assembly
- Completed reload, in  4.395 seconds
Domain Reload Profiling:
	ReloadAssembly (4396ms)
		BeginReloadAssembly (230ms)
			ExecutionOrderSort (0ms)
			DisableScriptedObjects (10ms)
			BackupInstance (0ms)
			ReleaseScriptingObjects (0ms)
			CreateAndSetChildDomain (48ms)
		EndReloadAssembly (4026ms)
			LoadAssemblies (208ms)
			RebuildTransferFunctionScriptingTraits (0ms)
			SetupTypeCache (1242ms)
			ReleaseScriptCaches (2ms)
			RebuildScriptCaches (153ms)
			SetupLoadedEditorAssemblies (2076ms)
				LogAssemblyErrors (0ms)
				InitializePlatformSupportModulesInManaged (9ms)
				SetLoadedEditorAssemblies (0ms)
				RefreshPlugins (231ms)
				BeforeProcessingInitializeOnLoad (390ms)
				ProcessInitializeOnLoadAttributes (1414ms)
				ProcessInitializeOnLoadMethodAttributes (24ms)
				AfterProcessingInitializeOnLoad (3ms)
				EditorAssembliesLoaded (4ms)
			ExecutionOrderSort2 (0ms)
			AwakeInstancesAfterBackupRestoration (15ms)
Platform modules already initialized, skipping
Validating Project structure ... 0.066253 seconds.
Shader import version has changed; will reimport all shaders...
Upgrading shader files ...0.007544 seconds.
Application.AssetDatabase Initial Script Refresh Start
RefreshInfo: InitialScriptRefreshV2(NoUpdateAssetOptions) scanfilter:  ... 1 filters
RefreshProfiler: Total: 0.000ms
Application.AssetDatabase Initial Script Refresh End
Application.AssetDatabase.Refresh Start
Application.AssetDatabase.Refresh End
RefreshInfo: StopAssetImportingV2(ForceSynchronousImport) scanfilter: 
RefreshProfiler: Total: 0.000ms
Launching external process: /Applications/Unity/Hub/Editor/2020.3.19f1/Unity.app/Contents/Tools/UnityShaderCompiler
Launched and connected shader compiler UnityShaderCompiler after 0.03 seconds
Initializing Unity extensions:
========================================================================
Worker process is ready to serve import requests
Refreshing native plugins compatible for Editor in 0.93 ms, found 3 plugins.
Preloading 1 native plugins for Editor in 0.61 ms.
Unloading 3778 Unused Serialized files (Serialized files now loaded: 0)
System memory in use before: 291.1 MB.
System memory in use after: 290.9 MB.

Unloading 198 unused Assets to reduce memory usage. Loaded Objects now: 4259.
Total: 10.824240 ms (FindLiveObjects: 0.579650 ms CreateObjectMapping: 0.313606 ms MarkObjects: 9.531018 ms  DeleteObjects: 0.397480 ms)

AssetImportParameters requested are different than current active one (requested -> active):
  custom:video-decoder-ogg-theora: a1e56fd34408186e4bbccfd4996cb3dc -> 
  custom:container-muxer-webm: aa71ff27fc2769a1b78a27578f13a17b -> 
  custom:container-demuxer-webm: 4f35f7cbe854078d1ac9338744f61a02 -> 
  custom:container-demuxer-ogg: 62fdf1f143b41e24485cea50d1cbac27 -> 
  custom:video-encoder-webm-vp8: eb34c28f22e8b96e1ab97ce403110664 -> 
  custom:framework-osx-AVFoundation: b23960f63f64bdc6ff669e2cdcee2391 -> 
  custom:video-decoder-webm-vp8: 9c59270c3fd7afecdb556c50c9e8de78 -> 
  custom:audio-decoder-ogg-vorbis: bf7c407c2cedff20999df2af8eb42d56 -> 
  custom:audio-encoder-webm-vorbis: bf7c407c2cedff20999df2af8eb42d56 -> 
========================================================================
Received Import Request.
  path: Assets/Scripts/ChangeEmission.cs
  artifactKey: Guid(d56bd274afcef47998cc06a386acc965) Importer(815301076,1909f56bfc062723c751e8b465ee728b)
Start importing Assets/Scripts/ChangeEmission.cs using Guid(d56bd274afcef47998cc06a386acc965) Importer(815301076,1909f56bfc062723c751e8b465ee728b)  -> (artifact id: '65f96234da9f4f25d05315f685ea2fca') in 0.570615 seconds 
  Import took 0.584068 seconds .

